\BOOKMARK [0][-]{chapter*.2}{List of Figures}{}% 1
\BOOKMARK [0][-]{chapter*.3}{List of Tables}{}% 2
\BOOKMARK [0][-]{chapter.1}{Introduction}{}% 3
\BOOKMARK [1][-]{section.1.1}{Motivation}{chapter.1}% 4
\BOOKMARK [1][-]{section.1.2}{Thesis Outline}{chapter.1}% 5
\BOOKMARK [1][-]{section.1.3}{Section}{chapter.1}% 6
\BOOKMARK [2][-]{subsection.1.3.1}{Subsection}{section.1.3}% 7
\BOOKMARK [3][-]{subsubsection.1.3.1.1}{Subsubsection}{subsection.1.3.1}% 8
\BOOKMARK [4][-]{paragraph.1.3.1.1.1}{Paragraph}{subsubsection.1.3.1.1}% 9
\BOOKMARK [5][-]{subparagraph.1.3.1.1.1.1}{Subparagraph}{paragraph.1.3.1.1.1}% 10
\BOOKMARK [0][-]{chapter.2}{Theory}{}% 11
\BOOKMARK [1][-]{section.2.1}{PWFA - Linear-Fluid Wakefield Theory}{chapter.2}% 12
\BOOKMARK [2][-]{subsection.2.1.1}{Plasma Dynamics}{section.2.1}% 13
\BOOKMARK [2][-]{subsection.2.1.2}{Density perturbations}{section.2.1}% 14
\BOOKMARK [2][-]{subsection.2.1.3}{Longitudinal Accelerating Field}{section.2.1}% 15
\BOOKMARK [2][-]{subsection.2.1.4}{Transversel Focusing Field}{section.2.1}% 16
\BOOKMARK [1][-]{section.2.2}{Particle interactions with matter}{chapter.2}% 17
\BOOKMARK [2][-]{subsection.2.2.1}{Bohr-Fermi-Bethe-Bloch Theory}{section.2.2}% 18
\BOOKMARK [2][-]{subsection.2.2.2}{Collective Plasma Deceleration}{section.2.2}% 19
\BOOKMARK [2][-]{subsection.2.2.3}{Notes Bonatto}{section.2.2}% 20
\BOOKMARK [0][-]{chapter.3}{Simulations}{}% 21
\BOOKMARK [1][-]{section.3.1}{Particle-in-Cell Simulations}{chapter.3}% 22
\BOOKMARK [1][-]{section.3.2}{Results etc.}{chapter.3}% 23
\BOOKMARK [0][-]{chapter.4}{Results}{}% 24
\BOOKMARK [0][-]{chapter.5}{Conclusion}{}% 25
\BOOKMARK [0][-]{chapter.5}{Bibliography}{}% 26
\BOOKMARK [0][-]{appendix.A}{Appendix 1}{}% 27
